########### array before sorts ###########
0	0.000000	0.000000	160.000000	0.000000	n
1	160.000000	0.000000	160.000000	100.000000	n
2	160.000000	100.000000	0.000000	100.000000	n
3	0.000000	100.000000	0.000000	0.000000	n
4	10.160000	34.290000	10.160000	16.510000	n
5	10.160000	16.510000	42.545000	16.510000	n
6	42.545000	16.510000	42.545000	34.290000	n
7	42.545000	34.290000	10.160000	34.290000	n
Tolerance=0.050000.
*Exact match for i=0 and j=1.
*i point 0.000000	0.000000	160.000000	0.000000	y
*Exact match for i=1 and j=2.
*i point 160.000000	0.000000	160.000000	100.000000	y
*Exact match for i=2 and j=3.
*i point 160.000000	100.000000	0.000000	100.000000	y
*Exact match for i=4 and j=5.
*i point 10.160000	34.290000	10.160000	16.510000	y
*Exact match for i=5 and j=6.
*i point 10.160000	16.510000	42.545000	16.510000	y
*Exact match for i=6 and j=7.
*i point 42.545000	16.510000	42.545000	34.290000	y
########### array after sorts ###########
0	0.000000	0.000000	160.000000	0.000000	y
1	160.000000	0.000000	160.000000	100.000000	y
2	160.000000	100.000000	0.000000	100.000000	y
3	0.000000	100.000000	0.000000	0.000000	y
4	10.160000	34.290000	10.160000	16.510000	y
5	10.160000	16.510000	42.545000	16.510000	y
6	42.545000	16.510000	42.545000	34.290000	y
7	42.545000	34.290000	10.160000	34.290000	y
***************
.BOARD_OUTLINE UNOWNED
1.6
0     0.000000     0.000000     0
0     160.000000     0.000000     0
0     160.000000     100.000000     0
0     0.000000     100.000000     0
0     0.000000     0.000000     0
1     10.160000     34.290000     0
1     10.160000     16.510000     0
1     42.545000     16.510000     0
1     42.545000     34.290000     0
1     10.160000     34.290000     0
